Looking for git in: git
Using git 2.17.1 from git
> git rev-parse --show-toplevel
> git rev-parse --git-dir
Open repository: /home/dos/Documents/Dev/WebApps/Delivery
> git status -z -u
> git symbolic-ref --short HEAD
> git rev-parse master
> git rev-parse --symbolic-full-name master@{u}
> git show :services/node/package.json
> git show :docker-compose.yml
> git ls-files --stage -- /home/dos/Documents/Dev/WebApps/Delivery/services/node/package.json
> git ls-files --stage -- /home/dos/Documents/Dev/WebApps/Delivery/docker-compose.yml
> git cat-file -s 9d207a6c16686936fca2d1e6b16052e8d3958c10
> git cat-file -s bc682cd37f6dc40fd0c49bb5bb12aacb5f6a3a25
> git rev-list --left-right master...refs/remotes/origin/master
> git for-each-ref --format %(refname) %(objectname) --sort -committerdate
> git remote --verbose
> git config --get commit.template
> git check-ignore -v -z --stdin
> git log --format=%H%n%aN%n%aE%n%at%n%ct%n%P%n%B -z -n21 -- /home/dos/Documents/Dev/WebApps/Delivery/services/node/package.json
> git check-ignore -v -z --stdin
> git check-ignore -v -z --stdin
> git check-ignore -v -z --stdin
> git check-ignore -v -z --stdin
> git show :services/client/package.json
> git ls-files --stage -- /home/dos/Documents/Dev/WebApps/Delivery/services/client/package.json
> git cat-file -s 57b58e44e17edb1e9afa0c1f58670560721a673a
> git show :services/node/package.json
> git ls-files --stage -- /home/dos/Documents/Dev/WebApps/Delivery/services/node/package.json
> git cat-file -s bc682cd37f6dc40fd0c49bb5bb12aacb5f6a3a25
> git show :services/node/routes/upload.js
> git ls-files --stage -- /home/dos/Documents/Dev/WebApps/Delivery/services/node/routes/upload.js
> git show :services/node/routes/user.js
> git ls-files --stage -- /home/dos/Documents/Dev/WebApps/Delivery/services/node/routes/user.js
> git cat-file -s 23a01e23d0370ebb2c307d5a83e3b704be661ca5
> git show :services/node/routes/upload.js
> git ls-files --stage -- /home/dos/Documents/Dev/WebApps/Delivery/services/node/routes/upload.js
> git show :services/node/server.js
> git ls-files --stage -- /home/dos/Documents/Dev/WebApps/Delivery/services/node/server.js
> git cat-file -s e21781b6b4d21754daa7f9fa41004a5bac835984
> git status -z -u
> git symbolic-ref --short HEAD
> git rev-parse master
> git rev-parse --symbolic-full-name master@{u}
> git rev-list --left-right master...refs/remotes/origin/master
> git for-each-ref --format %(refname) %(objectname) --sort -committerdate
> git remote --verbose
> git config --get commit.template
> git status -z -u
> git symbolic-ref --short HEAD
> git rev-parse master
> git rev-parse --symbolic-full-name master@{u}
> git rev-list --left-right master...refs/remotes/origin/master
> git for-each-ref --format %(refname) %(objectname) --sort -committerdate
> git remote --verbose
> git config --get commit.template
> git status -z -u
> git symbolic-ref --short HEAD
> git rev-parse master
> git rev-parse --symbolic-full-name master@{u}
> git rev-list --left-right master...refs/remotes/origin/master
> git for-each-ref --format %(refname) %(objectname) --sort -committerdate
> git remote --verbose
> git config --get commit.template
> git show :error.txt
> git ls-files --stage -- /home/dos/Documents/Dev/WebApps/Delivery/error.txt
