[2020-06-11 17:50:04.379] [exthost] [info] extension host started
[2020-06-11 17:50:04.415] [exthost] [info] ExtensionService#_doActivateExtension vscode.typescript-language-features {"startup":false,"extensionId":{"value":"vscode.typescript-language-features","_lower":"vscode.typescript-language-features"},"activationEvent":"onLanguage:javascriptreact"}
[2020-06-11 17:50:04.415] [exthost] [info] ExtensionService#loadCommonJSModule file:///usr/share/code/resources/app/extensions/typescript-language-features/dist/extension
[2020-06-11 17:50:04.529] [exthost] [info] ExtensionService#_doActivateExtension christian-kohler.npm-intellisense {"startup":false,"extensionId":{"value":"christian-kohler.npm-intellisense","_lower":"christian-kohler.npm-intellisense"},"activationEvent":"onLanguage:javascriptreact"}
[2020-06-11 17:50:04.529] [exthost] [info] ExtensionService#loadCommonJSModule file:///home/dos/.vscode/extensions/christian-kohler.npm-intellisense-1.3.0/out/src/extension
[2020-06-11 17:50:04.715] [exthost] [info] ExtensionService#_doActivateExtension vscode.debug-auto-launch {"startup":true,"extensionId":{"value":"vscode.debug-auto-launch","_lower":"vscode.debug-auto-launch"},"activationEvent":"*"}
[2020-06-11 17:50:04.716] [exthost] [info] ExtensionService#loadCommonJSModule file:///usr/share/code/resources/app/extensions/debug-auto-launch/dist/extension
[2020-06-11 17:50:04.724] [exthost] [info] ExtensionService#_doActivateExtension vscode.emmet {"startup":true,"extensionId":{"value":"vscode.emmet","_lower":"vscode.emmet"},"activationEvent":"*"}
[2020-06-11 17:50:04.724] [exthost] [info] ExtensionService#loadCommonJSModule file:///usr/share/code/resources/app/extensions/emmet/dist/extension
[2020-06-11 17:50:04.773] [exthost] [info] ExtensionService#_doActivateExtension vscode.git {"startup":true,"extensionId":{"value":"vscode.git","_lower":"vscode.git"},"activationEvent":"*"}
[2020-06-11 17:50:04.773] [exthost] [info] ExtensionService#loadCommonJSModule file:///usr/share/code/resources/app/extensions/git/dist/main
[2020-06-11 17:50:04.844] [exthost] [info] ExtensionService#_doActivateExtension vscode.github-authentication {"startup":true,"extensionId":{"value":"vscode.github-authentication","_lower":"vscode.github-authentication"},"activationEvent":"*"}
[2020-06-11 17:50:04.844] [exthost] [info] ExtensionService#loadCommonJSModule file:///usr/share/code/resources/app/extensions/github-authentication/dist/extension.js
[2020-06-11 17:50:04.894] [exthost] [info] ExtensionService#_doActivateExtension vscode.merge-conflict {"startup":true,"extensionId":{"value":"vscode.merge-conflict","_lower":"vscode.merge-conflict"},"activationEvent":"*"}
[2020-06-11 17:50:04.894] [exthost] [info] ExtensionService#loadCommonJSModule file:///usr/share/code/resources/app/extensions/merge-conflict/dist/extension
[2020-06-11 17:50:04.922] [exthost] [info] ExtensionService#_doActivateExtension vscode.search-result {"startup":true,"extensionId":{"value":"vscode.search-result","_lower":"vscode.search-result"},"activationEvent":"*"}
[2020-06-11 17:50:04.922] [exthost] [info] ExtensionService#loadCommonJSModule file:///usr/share/code/resources/app/extensions/search-result/dist/extension.js
[2020-06-11 17:50:04.939] [exthost] [info] ExtensionService#_doActivateExtension vscode.vscode-account {"startup":true,"extensionId":{"value":"vscode.vscode-account","_lower":"vscode.vscode-account"},"activationEvent":"*"}
[2020-06-11 17:50:04.939] [exthost] [info] ExtensionService#loadCommonJSModule file:///usr/share/code/resources/app/extensions/vscode-account/dist/extension.js
[2020-06-11 17:50:04.957] [exthost] [info] ExtensionService#_doActivateExtension dbaeumer.vscode-eslint {"startup":true,"extensionId":{"value":"dbaeumer.vscode-eslint","_lower":"dbaeumer.vscode-eslint"},"activationEvent":"*"}
[2020-06-11 17:50:04.957] [exthost] [info] ExtensionService#loadCommonJSModule file:///home/dos/.vscode/extensions/dbaeumer.vscode-eslint-2.1.5/client/out/extension
[2020-06-11 17:50:04.975] [exthost] [info] ExtensionService#_doActivateExtension HookyQR.beautify {"startup":true,"extensionId":{"value":"HookyQR.beautify","_lower":"hookyqr.beautify"},"activationEvent":"*"}
[2020-06-11 17:50:04.975] [exthost] [info] ExtensionService#loadCommonJSModule file:///home/dos/.vscode/extensions/hookyqr.beautify-1.5.0/extension
[2020-06-11 17:50:05.167] [exthost] [info] eager extensions activated
[2020-06-11 18:08:14.377] [exthost] [info] ExtensionService#_doActivateExtension ms-azuretools.vscode-docker {"startup":false,"extensionId":{"value":"ms-azuretools.vscode-docker","_lower":"ms-azuretools.vscode-docker"},"activationEvent":"onView:dockerContainers"}
[2020-06-11 18:08:14.379] [exthost] [info] ExtensionService#loadCommonJSModule file:///home/dos/.vscode/extensions/ms-azuretools.vscode-docker-1.2.1/main
[2020-06-11 18:18:32.150] [exthost] [info] ExtensionService#_doActivateExtension vscode.extension-editing {"startup":false,"extensionId":{"value":"vscode.extension-editing","_lower":"vscode.extension-editing"},"activationEvent":"onLanguage:typescript"}
[2020-06-11 18:18:32.152] [exthost] [info] ExtensionService#loadCommonJSModule file:///usr/share/code/resources/app/extensions/extension-editing/dist/extension
[2020-06-11 18:20:17.398] [exthost] [info] [vscode.typescript-language-features] UNSAVE result from 'resolveCompletionItem', extension SHOULD NOT change any of: additionalTextEdits, or command
