Looking for git in: git
Using git 2.17.1 from git
> git rev-parse --show-toplevel
> git rev-parse --git-dir
Open repository: /home/dos/Documents/Dev/WebApps/Delivery
> git status -z -u
> git symbolic-ref --short HEAD
> git rev-parse master
> git show :services/node/package.json
> git show :docker-compose.yml
> git ls-files --stage -- /home/dos/Documents/Dev/WebApps/Delivery/services/node/package.json
> git ls-files --stage -- /home/dos/Documents/Dev/WebApps/Delivery/docker-compose.yml
> git rev-parse --symbolic-full-name master@{u}
> git cat-file -s 9d207a6c16686936fca2d1e6b16052e8d3958c10
> git cat-file -s bc682cd37f6dc40fd0c49bb5bb12aacb5f6a3a25
> git rev-list --left-right master...refs/remotes/origin/master
> git for-each-ref --format %(refname) %(objectname) --sort -committerdate
> git remote --verbose
> git check-ignore -v -z --stdin
> git config --get commit.template
> git check-ignore -v -z --stdin
> git status -z -u
> git symbolic-ref --short HEAD
> git rev-parse master
> git rev-parse --symbolic-full-name master@{u}
> git rev-list --left-right master...refs/remotes/origin/master
> git for-each-ref --format %(refname) %(objectname) --sort -committerdate
> git remote --verbose
> git config --get commit.template
